diamond v0.9.22.123 | by Benjamin Buchfink <buchfink@gmail.com>
Licensed under the GNU AGPL <https://www.gnu.org/licenses/agpl.txt>
Check http://github.com/bbuchfink/diamond for updates.

#CPU threads: 8
Scoring parameters: (Matrix=BLOSUM62 Lambda=0.267 K=0.041 Penalties=11/1)
Temporary directory: Data/Output/
Opening the database...  [0.042736s]
#Target sequences to report alignments for: 1000
Opening the input file...  [0.010879s]
Opening the output file...  [0.003338s]
Loading query sequences...  [0.001468s]
Masking queries...  [0.018661s]
Building query seed set...  [0.003533s]
Algorithm: Double-indexed
Building query histograms...  [0.001727s]
Allocating buffers...  [3.8e-05s]
Loading reference sequences...  [23.2405s]
Building reference histograms...  [1.13418s]
Allocating buffers...  [6.5e-05s]
Initializing temporary storage...  [0.028714s]
Processing query chunk 0, reference chunk 0, shape 0, index chunk 0.
Building reference index...  [1.2933s]
Building query index...  [0.001455s]
Building seed filter...  [0.075406s]
Searching alignments...  [0.042021s]
Processing query chunk 0, reference chunk 0, shape 0, index chunk 1.
Building reference index...  [1.72508s]
Building query index...  [0.001257s]
Building seed filter...  [0.076355s]
Searching alignments...  [0.044283s]
Processing query chunk 0, reference chunk 0, shape 0, index chunk 2.
Building reference index...  [1.72445s]
Building query index...  [0.001298s]
Building seed filter...  [0.075902s]
Searching alignments...  [0.042547s]
Processing query chunk 0, reference chunk 0, shape 0, index chunk 3.
Building reference index...  [1.44188s]
Building query index...  [0.001257s]
Building seed filter...  [0.070528s]
Searching alignments...  [0.038933s]
Processing query chunk 0, reference chunk 0, shape 1, index chunk 0.
Building reference index...  [1.44526s]
Building query index...  [0.001486s]
Building seed filter...  [0.073551s]
Searching alignments...  [0.038633s]
Processing query chunk 0, reference chunk 0, shape 1, index chunk 1.
Building reference index...  [1.2849s]
Building query index...  [0.001323s]
Building seed filter...  [0.076037s]
Searching alignments...  [0.04216s]
Processing query chunk 0, reference chunk 0, shape 1, index chunk 2.
Building reference index...  [1.54823s]
Building query index...  [0.00142s]
Building seed filter...  [0.076162s]
Searching alignments...  [0.038802s]
Processing query chunk 0, reference chunk 0, shape 1, index chunk 3.
Building reference index...  [1.41771s]
Building query index...  [0.001407s]
Building seed filter...  [0.075795s]
Searching alignments...  [0.046271s]
Deallocating buffers...  [0.001582s]
Computing alignments...  [0.137363s]
Deallocating reference...  [0.001565s]
Loading reference sequences...  [5.3e-05s]
Deallocating buffers...  [3.6e-05s]
Deallocating queries...  [4.1e-05s]
Loading query sequences...  [2.5e-05s]
Closing the input file...  [2.6e-05s]
Closing the output file...  [0.000201s]
Closing the database file...  [3.7e-05s]
Deallocating taxonomy...  [5e-06s]
Total time = 37.4547s
Reported 1518 pairwise alignments, 1518 HSPs.
2 queries aligned.
