diamond v0.9.22.123 | by Benjamin Buchfink <buchfink@gmail.com>
Licensed under the GNU AGPL <https://www.gnu.org/licenses/agpl.txt>
Check http://github.com/bbuchfink/diamond for updates.

#CPU threads: 8
Scoring parameters: (Matrix=BLOSUM62 Lambda=0.267 K=0.041 Penalties=11/1)
Temporary directory: Data/Output/
Opening the database...  [0.016522s]
#Target sequences to report alignments for: 1000
Opening the input file...  [8.9e-05s]
Opening the output file...  [0.002232s]
Loading query sequences...  [0.001937s]
Masking queries...  [0.027376s]
Building query seed set...  [0.002931s]
Algorithm: Query-indexed
Building query histograms...  [0.000281s]
Allocating buffers...  [4.3e-05s]
Loading reference sequences...  [66.7905s]
Building reference histograms...  [1.92569s]
Allocating buffers...  [3.9e-05s]
Initializing temporary storage...  [0.216639s]
Processing query chunk 0, reference chunk 0, shape 0, index chunk 0.
Building reference index...  [3.10535s]
Building query index...  [0.002891s]
Building seed filter...  [0.038297s]
Searching alignments...  [0.91229s]
Deallocating buffers...  [0.050469s]
Opening temporary output file...  [0.001084s]
Computing alignments...  [0.630009s]
Deallocating reference...  [0.198536s]
Loading reference sequences...  [7.09965s]
Building reference histograms...  [1.91558s]
Allocating buffers...  [3.8e-05s]
Initializing temporary storage...  [0.03138s]
Processing query chunk 0, reference chunk 1, shape 0, index chunk 0.
Building reference index...  [2.782s]
Building query index...  [0.003702s]
Building seed filter...  [0.047926s]
Searching alignments...  [0.804181s]
Deallocating buffers...  [0.002263s]
Opening temporary output file...  [0.00108s]
Computing alignments...  [0.406176s]
Deallocating reference...  [0.0229s]
Loading reference sequences...  [24.1793s]
Building reference histograms...  [1.92187s]
Allocating buffers...  [5.1e-05s]
Initializing temporary storage...  [0.028771s]
Processing query chunk 0, reference chunk 2, shape 0, index chunk 0.
Building reference index...  [2.57569s]
Building query index...  [0.003005s]
Building seed filter...  [0.048294s]
Searching alignments...  [0.833998s]
Deallocating buffers...  [0.002223s]
Opening temporary output file...  [0.001377s]
Computing alignments...  [0.424226s]
Deallocating reference...  [0.021098s]
Loading reference sequences...  [4.9232s]
Building reference histograms...  [1.95982s]
Allocating buffers...  [4.2e-05s]
Initializing temporary storage...  [0.027902s]
Processing query chunk 0, reference chunk 3, shape 0, index chunk 0.
Building reference index...  [2.61521s]
Building query index...  [0.002936s]
Building seed filter...  [0.048854s]
Searching alignments...  [0.82974s]
Deallocating buffers...  [0.002229s]
Opening temporary output file...  [0.00113s]
Computing alignments...  [0.384025s]
Deallocating reference...  [0.009417s]
Loading reference sequences...  [14.5999s]
Building reference histograms...  [1.92835s]
Allocating buffers...  [3.7e-05s]
Initializing temporary storage...  [0.028667s]
Processing query chunk 0, reference chunk 4, shape 0, index chunk 0.
Building reference index...  [2.53401s]
Building query index...  [0.002942s]
Building seed filter...  [0.045125s]
Searching alignments...  [0.768958s]
Deallocating buffers...  [0.002158s]
Opening temporary output file...  [0.001367s]
Computing alignments...  [0.420933s]
Deallocating reference...  [0.012603s]
Loading reference sequences...  [4.78254s]
Building reference histograms...  [1.92408s]
Allocating buffers...  [4.5e-05s]
Initializing temporary storage...  [0.029788s]
Processing query chunk 0, reference chunk 5, shape 0, index chunk 0.
Building reference index...  [2.57776s]
Building query index...  [0.003081s]
Building seed filter...  [0.045066s]
Searching alignments...  [0.796913s]
Deallocating buffers...  [0.002124s]
Opening temporary output file...  [0.001302s]
Computing alignments...  [0.42219s]
Deallocating reference...  [0.013207s]
Loading reference sequences...  [19.2438s]
Building reference histograms...  [1.94834s]
Allocating buffers...  [5.2e-05s]
Initializing temporary storage...  [0.029552s]
Processing query chunk 0, reference chunk 6, shape 0, index chunk 0.
Building reference index...  [2.57615s]
Building query index...  [0.003686s]
Building seed filter...  [0.045911s]
Searching alignments...  [1.19488s]
Deallocating buffers...  [0.002811s]
Opening temporary output file...  [0.001599s]
Computing alignments...  [0.580323s]
Deallocating reference...  [0.014776s]
Loading reference sequences...  [4.78658s]
Building reference histograms...  [1.93621s]
Allocating buffers...  [3.7e-05s]
Initializing temporary storage...  [0.019603s]
Processing query chunk 0, reference chunk 7, shape 0, index chunk 0.
Building reference index...  [2.55881s]
Building query index...  [0.003475s]
Building seed filter...  [0.046692s]
Searching alignments...  [0.827459s]
Deallocating buffers...  [0.002232s]
Opening temporary output file...  [0.001086s]
Computing alignments...  [0.4445s]
Deallocating reference...  [0.012556s]
Loading reference sequences...  [40.2959s]
Building reference histograms...  [1.94469s]
Allocating buffers...  [4.4e-05s]
Initializing temporary storage...  [0.019829s]
Processing query chunk 0, reference chunk 8, shape 0, index chunk 0.
Building reference index...  [2.57351s]
Building query index...  [0.002966s]
Building seed filter...  [0.044631s]
Searching alignments...  [0.839999s]
Deallocating buffers...  [0.002019s]
Opening temporary output file...  [0.001063s]
Computing alignments...  [0.441272s]
Deallocating reference...  [0.013286s]
Loading reference sequences...  [43.5422s]
Building reference histograms...  [1.89536s]
Allocating buffers...  [4.5e-05s]
Initializing temporary storage...  [0.029632s]
Processing query chunk 0, reference chunk 9, shape 0, index chunk 0.
Building reference index...  [2.56416s]
Building query index...  [0.002768s]
Building seed filter...  [0.046841s]
Searching alignments...  [0.885003s]
Deallocating buffers...  [0.002173s]
Opening temporary output file...  [0.930567s]
Computing alignments...  [0.421502s]
Deallocating reference...  [0.017622s]
Loading reference sequences...  [54.351s]
Building reference histograms...  [2.03671s]
Allocating buffers...  [2.4e-05s]
Initializing temporary storage...  [0.025637s]
Processing query chunk 0, reference chunk 10, shape 0, index chunk 0.
Building reference index...  [3.67039s]
Building query index...  [0.003986s]
Building seed filter...  [0.037972s]
Searching alignments...  [0.834599s]
Deallocating buffers...  [0.028455s]
Opening temporary output file...  [0.001327s]
Computing alignments...  [0.44021s]
Deallocating reference...  [0.033338s]
Loading reference sequences...  [23.1489s]
Building reference histograms...  [2.23128s]
Allocating buffers...  [4e-05s]
Initializing temporary storage...  [0.019609s]
Processing query chunk 0, reference chunk 11, shape 0, index chunk 0.
Building reference index...  [2.65757s]
Building query index...  [0.003513s]
Building seed filter...  [0.029805s]
Searching alignments...  [0.708331s]
Deallocating buffers...  [0.001919s]
Opening temporary output file...  [0.001334s]
Computing alignments...  [0.460192s]
Deallocating reference...  [0.012735s]
Loading reference sequences...  [35.1969s]
Building reference histograms...  [1.91627s]
Allocating buffers...  [2.6e-05s]
Initializing temporary storage...  [0.025893s]
Processing query chunk 0, reference chunk 12, shape 0, index chunk 0.
Building reference index...  [2.94095s]
Building query index...  [0.003562s]
Building seed filter...  [0.031061s]
Searching alignments...  [0.765621s]
Deallocating buffers...  [0.001607s]
Opening temporary output file...  [0.000986s]
Computing alignments...  [0.348623s]
Deallocating reference...  [0.01253s]
Loading reference sequences...  [35.3829s]
Building reference histograms...  [1.94468s]
Allocating buffers...  [3.9e-05s]
Initializing temporary storage...  [0.030081s]
Processing query chunk 0, reference chunk 13, shape 0, index chunk 0.
Building reference index...  [3.15953s]
Building query index...  [0.002204s]
Building seed filter...  [0.030382s]
Searching alignments...  [0.692259s]
Deallocating buffers...  [0.001756s]
Opening temporary output file...  [0.00127s]
Computing alignments...  [0.44637s]
Deallocating reference...  [0.011994s]
Loading reference sequences...  [20.0064s]
Building reference histograms...  [1.90649s]
Allocating buffers...  [2.8e-05s]
Initializing temporary storage...  [0.025732s]
Processing query chunk 0, reference chunk 14, shape 0, index chunk 0.
Building reference index...  [2.55174s]
Building query index...  [0.002314s]
Building seed filter...  [0.028951s]
Searching alignments...  [0.750425s]
Deallocating buffers...  [0.001703s]
Opening temporary output file...  [0.001145s]
Computing alignments...  [0.410712s]
Deallocating reference...  [0.014396s]
Loading reference sequences...  [29.3455s]
Building reference histograms...  [1.91053s]
Allocating buffers...  [4.5e-05s]
Initializing temporary storage...  [0.029747s]
Processing query chunk 0, reference chunk 15, shape 0, index chunk 0.
Building reference index...  [2.56127s]
Building query index...  [0.002914s]
Building seed filter...  [0.044368s]
Searching alignments...  [0.700594s]
Deallocating buffers...  [0.002171s]
Opening temporary output file...  [0.001489s]
Computing alignments...  [0.417813s]
Deallocating reference...  [0.017196s]
Loading reference sequences...  [22.9327s]
Building reference histograms...  [1.89258s]
Allocating buffers...  [2.5e-05s]
Initializing temporary storage...  [0.025951s]
Processing query chunk 0, reference chunk 16, shape 0, index chunk 0.
Building reference index...  [2.71964s]
Building query index...  [0.002614s]
Building seed filter...  [0.028647s]
Searching alignments...  [0.695801s]
Deallocating buffers...  [0.002455s]
Opening temporary output file...  [0.001527s]
Computing alignments...  [0.456503s]
Deallocating reference...  [0.012213s]
Loading reference sequences...  [31.1651s]
Building reference histograms...  [2.09657s]
Allocating buffers...  [4.2e-05s]
Initializing temporary storage...  [0.028149s]
Processing query chunk 0, reference chunk 17, shape 0, index chunk 0.
Building reference index...  [3.01324s]
Building query index...  [0.003284s]
Building seed filter...  [0.040385s]
Searching alignments...  [0.761118s]
Deallocating buffers...  [0.002156s]
Opening temporary output file...  [0.001232s]
Computing alignments...  [0.413312s]
Deallocating reference...  [0.01094s]
Loading reference sequences...  [29.5109s]
Building reference histograms...  [2.1423s]
Allocating buffers...  [2.3e-05s]
Initializing temporary storage...  [0.027168s]
Processing query chunk 0, reference chunk 18, shape 0, index chunk 0.
Building reference index...  [2.86562s]
Building query index...  [0.003238s]
Building seed filter...  [0.030352s]
Searching alignments...  [0.712115s]
Deallocating buffers...  [0.001531s]
Opening temporary output file...  [0.001067s]
Computing alignments...  [0.401897s]
Deallocating reference...  [0.015288s]
Loading reference sequences...  [39.837s]
Building reference histograms...  [1.89482s]
Allocating buffers...  [3.9e-05s]
Initializing temporary storage...  [0.027993s]
Processing query chunk 0, reference chunk 19, shape 0, index chunk 0.
Building reference index...  [2.55695s]
Building query index...  [0.002197s]
Building seed filter...  [0.030054s]
Searching alignments...  [0.766698s]
Deallocating buffers...  [0.001739s]
Opening temporary output file...  [0.001211s]
Computing alignments...  [0.362019s]
Deallocating reference...  [0.019217s]
Loading reference sequences...  [4.59648s]
Building reference histograms...  [2.0711s]
Allocating buffers...  [4.2e-05s]
Initializing temporary storage...  [0.02866s]
Processing query chunk 0, reference chunk 20, shape 0, index chunk 0.
Building reference index...  [2.54577s]
Building query index...  [0.003488s]
Building seed filter...  [0.030657s]
Searching alignments...  [0.724662s]
Deallocating buffers...  [0.001697s]
Opening temporary output file...  [0.00174s]
Computing alignments...  [0.427972s]
Deallocating reference...  [0.012097s]
Loading reference sequences...  [16.7284s]
Building reference histograms...  [2.60566s]
Allocating buffers...  [4.8e-05s]
Initializing temporary storage...  [0.028841s]
Processing query chunk 0, reference chunk 21, shape 0, index chunk 0.
Building reference index...  [2.60693s]
Building query index...  [0.003487s]
Building seed filter...  [0.034357s]
Searching alignments...  [0.738473s]
Deallocating buffers...  [0.002311s]
Opening temporary output file...  [0.001041s]
Computing alignments...  [0.408647s]
Deallocating reference...  [0.012796s]
Loading reference sequences...  [24.7856s]
Building reference histograms...  [2.62159s]
Allocating buffers...  [3.9e-05s]
Initializing temporary storage...  [0.019296s]
Processing query chunk 0, reference chunk 22, shape 0, index chunk 0.
Building reference index...  [2.59367s]
Building query index...  [0.003202s]
Building seed filter...  [0.045037s]
Searching alignments...  [0.709401s]
Deallocating buffers...  [0.002299s]
Opening temporary output file...  [0.001208s]
Computing alignments...  [0.468263s]
Deallocating reference...  [0.008436s]
Loading reference sequences...  [24.6457s]
Building reference histograms...  [1.93807s]
Allocating buffers...  [4.6e-05s]
Initializing temporary storage...  [0.029838s]
Processing query chunk 0, reference chunk 23, shape 0, index chunk 0.
Building reference index...  [2.57499s]
Building query index...  [0.002968s]
Building seed filter...  [0.045082s]
Searching alignments...  [0.706183s]
Deallocating buffers...  [0.003035s]
Opening temporary output file...  [0.001523s]
Computing alignments...  [0.405453s]
Deallocating reference...  [0.007956s]
Loading reference sequences...  [29.0625s]
Building reference histograms...  [2.03199s]
Allocating buffers...  [4.2e-05s]
Initializing temporary storage...  [0.032568s]
Processing query chunk 0, reference chunk 24, shape 0, index chunk 0.
Building reference index...  [3.29693s]
Building query index...  [0.003303s]
Building seed filter...  [0.045861s]
Searching alignments...  [0.708009s]
Deallocating buffers...  [0.002162s]
Opening temporary output file...  [0.001451s]
Computing alignments...  [0.402257s]
Deallocating reference...  [0.011249s]
Loading reference sequences...  [22.9543s]
Building reference histograms...  [2.29299s]
Allocating buffers...  [4.3e-05s]
Initializing temporary storage...  [0.028716s]
Processing query chunk 0, reference chunk 25, shape 0, index chunk 0.
Building reference index...  [2.904s]
Building query index...  [0.002821s]
Building seed filter...  [0.044331s]
Searching alignments...  [0.683299s]
Deallocating buffers...  [0.002046s]
Opening temporary output file...  [0.001029s]
Computing alignments...  [0.489473s]
Deallocating reference...  [0.011096s]
Loading reference sequences...  [24.818s]
Building reference histograms...  [1.98833s]
Allocating buffers...  [2.6e-05s]
Initializing temporary storage...  [0.018201s]
Processing query chunk 0, reference chunk 26, shape 0, index chunk 0.
Building reference index...  [2.88034s]
Building query index...  [0.00229s]
Building seed filter...  [0.04471s]
Searching alignments...  [0.725668s]
Deallocating buffers...  [0.002221s]
Opening temporary output file...  [0.001248s]
Computing alignments...  [0.400208s]
Deallocating reference...  [0.01688s]
Loading reference sequences...  [18.4158s]
Building reference histograms...  [1.92144s]
Allocating buffers...  [4.4e-05s]
Initializing temporary storage...  [0.027175s]
Processing query chunk 0, reference chunk 27, shape 0, index chunk 0.
Building reference index...  [2.65772s]
Building query index...  [0.003577s]
Building seed filter...  [0.044504s]
Searching alignments...  [0.690787s]
Deallocating buffers...  [0.002305s]
Opening temporary output file...  [0.001183s]
Computing alignments...  [0.396831s]
Deallocating reference...  [0.012024s]
Loading reference sequences...  [24.7991s]
Building reference histograms...  [2.3335s]
Allocating buffers...  [2.5e-05s]
Initializing temporary storage...  [0.026966s]
Processing query chunk 0, reference chunk 28, shape 0, index chunk 0.
Building reference index...  [3.34588s]
Building query index...  [0.002141s]
Building seed filter...  [0.045016s]
Searching alignments...  [0.671606s]
Deallocating buffers...  [0.002084s]
Opening temporary output file...  [0.001265s]
Computing alignments...  [0.450388s]
Deallocating reference...  [0.015006s]
Loading reference sequences...  [25.8182s]
Building reference histograms...  [1.95742s]
Allocating buffers...  [4.4e-05s]
Initializing temporary storage...  [0.028533s]
Processing query chunk 0, reference chunk 29, shape 0, index chunk 0.
Building reference index...  [2.63464s]
Building query index...  [0.003481s]
Building seed filter...  [0.047291s]
Searching alignments...  [0.73882s]
Deallocating buffers...  [0.002327s]
Opening temporary output file...  [0.00128s]
Computing alignments...  [0.439056s]
Deallocating reference...  [0.012673s]
Loading reference sequences...  [19.1087s]
Building reference histograms...  [2.34027s]
Allocating buffers...  [4e-05s]
Initializing temporary storage...  [0.019461s]
Processing query chunk 0, reference chunk 30, shape 0, index chunk 0.
Building reference index...  [2.63282s]
Building query index...  [0.00214s]
Building seed filter...  [0.045919s]
Searching alignments...  [0.728039s]
Deallocating buffers...  [0.002318s]
Opening temporary output file...  [0.001223s]
Computing alignments...  [0.383564s]
Deallocating reference...  [0.012529s]
Loading reference sequences...  [18.803s]
Building reference histograms...  [2.5763s]
Allocating buffers...  [4.6e-05s]
Initializing temporary storage...  [0.028446s]
Processing query chunk 0, reference chunk 31, shape 0, index chunk 0.
Building reference index...  [2.89526s]
Building query index...  [0.002099s]
Building seed filter...  [0.044622s]
Searching alignments...  [0.730706s]
Deallocating buffers...  [0.002337s]
Opening temporary output file...  [0.001096s]
Computing alignments...  [0.39585s]
Deallocating reference...  [0.007981s]
Loading reference sequences...  [27.3472s]
Building reference histograms...  [1.93711s]
Allocating buffers...  [3.2e-05s]
Initializing temporary storage...  [0.029728s]
Processing query chunk 0, reference chunk 32, shape 0, index chunk 0.
Building reference index...  [2.60553s]
Building query index...  [0.002719s]
Building seed filter...  [0.044982s]
Searching alignments...  [0.701485s]
Deallocating buffers...  [0.002126s]
Opening temporary output file...  [0.001441s]
Computing alignments...  [0.409088s]
Deallocating reference...  [0.011765s]
Loading reference sequences...  [28.744s]
Building reference histograms...  [2.02799s]
Allocating buffers...  [3.2e-05s]
Initializing temporary storage...  [0.025718s]
Processing query chunk 0, reference chunk 33, shape 0, index chunk 0.
Building reference index...  [2.61247s]
Building query index...  [0.002097s]
Building seed filter...  [0.043982s]
Searching alignments...  [0.694955s]
Deallocating buffers...  [0.002176s]
Opening temporary output file...  [0.001251s]
Computing alignments...  [0.42596s]
Deallocating reference...  [0.011654s]
Loading reference sequences...  [26.0837s]
Building reference histograms...  [1.97212s]
Allocating buffers...  [4e-05s]
Initializing temporary storage...  [0.028386s]
Processing query chunk 0, reference chunk 34, shape 0, index chunk 0.
Building reference index...  [2.68365s]
Building query index...  [0.002184s]
Building seed filter...  [0.044496s]
Searching alignments...  [0.70961s]
Deallocating buffers...  [0.002401s]
Opening temporary output file...  [0.001503s]
Computing alignments...  [0.505014s]
Deallocating reference...  [0.011569s]
Loading reference sequences...  [33.5664s]
Building reference histograms...  [1.93192s]
Allocating buffers...  [5.2e-05s]
Initializing temporary storage...  [0.028153s]
Processing query chunk 0, reference chunk 35, shape 0, index chunk 0.
Building reference index...  [2.65848s]
Building query index...  [0.003652s]
Building seed filter...  [0.04513s]
Searching alignments...  [0.723614s]
Deallocating buffers...  [0.002465s]
Opening temporary output file...  [0.001395s]
Computing alignments...  [0.4311s]
Deallocating reference...  [0.020439s]
Loading reference sequences...  [3.03754s]
Building reference histograms...  [0.078565s]
Allocating buffers...  [2.6e-05s]
Initializing temporary storage...  [0.028181s]
Processing query chunk 0, reference chunk 36, shape 0, index chunk 0.
Building reference index...  [0.072418s]
Building query index...  [0.002043s]
Building seed filter...  [0.002022s]
Searching alignments...  [0.020074s]
Deallocating buffers...  [0.000223s]
Opening temporary output file...  [0.001213s]
Computing alignments...  [0.153313s]
Deallocating reference...  [0.000499s]
Loading reference sequences...  [0.000104s]
Deallocating buffers...  [0.000321s]
Joining output blocks... Loading reference sequences...  [423.349s]
 [424.502s]
Deallocating queries...  [0.05507s]
Loading query sequences...  [0.002309s]
Closing the input file...  [2.3e-05s]
Closing the output file...  [0.0002s]
Closing the database file...  [3.9e-05s]
Deallocating taxonomy...  [4e-06s]
Total time = 1570.15s
Reported 2000 pairwise alignments, 2000 HSPs.
2 queries aligned.
