diamond v0.9.22.123 | by Benjamin Buchfink <buchfink@gmail.com>
Licensed under the GNU AGPL <https://www.gnu.org/licenses/agpl.txt>
Check http://github.com/bbuchfink/diamond for updates.

#CPU threads: 8
Scoring parameters: (Matrix=BLOSUM62 Lambda=0.267 K=0.041 Penalties=11/1)
Temporary directory: Data/Output/
Opening the database...  [0.012201s]
#Target sequences to report alignments for: 1000
Opening the input file...  [0.008142s]
Opening the output file...  [0.000418s]
Loading query sequences...  [0.001306s]
Masking queries...  [0.007724s]
Building query seed set...  [0.002601s]
Algorithm: Query-indexed
Building query histograms...  [0.000245s]
Allocating buffers...  [2.5e-05s]
Loading reference sequences...  [58.7576s]
Building reference histograms...  [2.01345s]
Allocating buffers...  [4.7e-05s]
Initializing temporary storage...  [0.027471s]
Processing query chunk 0, reference chunk 0, shape 0, index chunk 0.
Building reference index...  [2.66639s]
Building query index...  [0.001867s]
Building seed filter...  [0.024618s]
Searching alignments...  [0.717238s]
Deallocating buffers...  [0.049759s]
Opening temporary output file...  [0.000546s]
Computing alignments...  [0.459201s]
Deallocating reference...  [0.06036s]
Loading reference sequences...  [31.4735s]
Building reference histograms...  [2.09294s]
Allocating buffers...  [4.1e-05s]
Initializing temporary storage...  [0.027798s]
Processing query chunk 0, reference chunk 1, shape 0, index chunk 0.
Building reference index...  [2.61976s]
Building query index...  [0.00204s]
Building seed filter...  [0.036981s]
Searching alignments...  [0.677009s]
Deallocating buffers...  [0.00199s]
Opening temporary output file...  [0.000366s]
Computing alignments...  [0.620886s]
Deallocating reference...  [0.023233s]
Loading reference sequences...  [33.5236s]
Building reference histograms...  [1.89186s]
Allocating buffers...  [2.7e-05s]
Initializing temporary storage...  [0.025933s]
Processing query chunk 0, reference chunk 2, shape 0, index chunk 0.
Building reference index...  [2.59369s]
Building query index...  [0.002307s]
Building seed filter...  [0.037291s]
Searching alignments...  [0.655452s]
Deallocating buffers...  [0.00188s]
Opening temporary output file...  [0.000503s]
Computing alignments...  [0.484375s]
Deallocating reference...  [0.020467s]
Loading reference sequences...  [23.6598s]
Building reference histograms...  [2.3973s]
Allocating buffers...  [5.1e-05s]
Initializing temporary storage...  [0.031443s]
Processing query chunk 0, reference chunk 3, shape 0, index chunk 0.
Building reference index...  [3.00225s]
Building query index...  [0.002172s]
Building seed filter...  [0.037408s]
Searching alignments...  [0.69357s]
Deallocating buffers...  [0.001919s]
Opening temporary output file...  [0.000402s]
Computing alignments...  [0.524881s]
Deallocating reference...  [0.014167s]
Loading reference sequences...  [18.8951s]
Building reference histograms...  [1.93347s]
Allocating buffers...  [5e-05s]
Initializing temporary storage...  [0.020408s]
Processing query chunk 0, reference chunk 4, shape 0, index chunk 0.
Building reference index...  [2.37513s]
Building query index...  [0.001873s]
Building seed filter...  [0.035341s]
Searching alignments...  [0.641321s]
Deallocating buffers...  [0.001771s]
Opening temporary output file...  [0.000368s]
Computing alignments...  [0.399384s]
Deallocating reference...  [0.012895s]
Loading reference sequences...  [18.3615s]
Building reference histograms...  [2.12025s]
Allocating buffers...  [3.8e-05s]
Initializing temporary storage...  [0.02849s]
Processing query chunk 0, reference chunk 5, shape 0, index chunk 0.
Building reference index...  [3.45479s]
Building query index...  [0.002088s]
Building seed filter...  [0.036127s]
Searching alignments...  [0.683073s]
Deallocating buffers...  [0.00207s]
Opening temporary output file...  [0.000533s]
Computing alignments...  [0.511151s]
Deallocating reference...  [0.013048s]
Loading reference sequences...  [24.6349s]
Building reference histograms...  [2.1503s]
Allocating buffers...  [4.5e-05s]
Initializing temporary storage...  [0.031509s]
Processing query chunk 0, reference chunk 6, shape 0, index chunk 0.
Building reference index...  [3.1789s]
Building query index...  [0.00234s]
Building seed filter...  [0.036589s]
Searching alignments...  [0.756162s]
Deallocating buffers...  [0.001947s]
Opening temporary output file...  [0.000591s]
Computing alignments...  [0.558024s]
Deallocating reference...  [0.014412s]
Loading reference sequences...  [28.6865s]
Building reference histograms...  [1.91548s]
Allocating buffers...  [2.4e-05s]
Initializing temporary storage...  [0.029802s]
Processing query chunk 0, reference chunk 7, shape 0, index chunk 0.
Building reference index...  [2.39503s]
Building query index...  [0.002281s]
Building seed filter...  [0.035861s]
Searching alignments...  [0.678042s]
Deallocating buffers...  [0.001785s]
Opening temporary output file...  [0.00047s]
Computing alignments...  [0.554403s]
Deallocating reference...  [0.012965s]
Loading reference sequences...  [25.4882s]
Building reference histograms...  [2.37109s]
Allocating buffers...  [3.9e-05s]
Initializing temporary storage...  [0.026831s]
Processing query chunk 0, reference chunk 8, shape 0, index chunk 0.
Building reference index...  [2.57274s]
Building query index...  [0.002929s]
Building seed filter...  [0.024417s]
Searching alignments...  [0.538076s]
Deallocating buffers...  [0.001312s]
Opening temporary output file...  [0.000552s]
Computing alignments...  [0.62693s]
Deallocating reference...  [0.012216s]
Loading reference sequences...  [26.8841s]
Building reference histograms...  [1.94531s]
Allocating buffers...  [5e-05s]
Initializing temporary storage...  [0.019713s]
Processing query chunk 0, reference chunk 9, shape 0, index chunk 0.
Building reference index...  [2.55485s]
Building query index...  [0.002588s]
Building seed filter...  [0.025156s]
Searching alignments...  [0.625696s]
Deallocating buffers...  [0.001488s]
Opening temporary output file...  [0.000558s]
Computing alignments...  [0.416011s]
Deallocating reference...  [0.010116s]
Loading reference sequences...  [47.0341s]
Building reference histograms...  [1.85667s]
Allocating buffers...  [2.2e-05s]
Initializing temporary storage...  [0.026175s]
Processing query chunk 0, reference chunk 10, shape 0, index chunk 0.
Building reference index...  [2.36705s]
Building query index...  [0.002241s]
Building seed filter...  [0.028016s]
Searching alignments...  [0.61478s]
Deallocating buffers...  [0.001524s]
Opening temporary output file...  [0.000599s]
Computing alignments...  [0.451299s]
Deallocating reference...  [0.02519s]
Loading reference sequences...  [20.5982s]
Building reference histograms...  [1.89353s]
Allocating buffers...  [2.2e-05s]
Initializing temporary storage...  [0.025264s]
Processing query chunk 0, reference chunk 11, shape 0, index chunk 0.
Building reference index...  [2.49615s]
Building query index...  [0.00222s]
Building seed filter...  [0.024746s]
Searching alignments...  [0.56995s]
Deallocating buffers...  [0.001333s]
Opening temporary output file...  [0.00042s]
Computing alignments...  [0.504815s]
Deallocating reference...  [0.011886s]
Loading reference sequences...  [33.1112s]
Building reference histograms...  [1.98353s]
Allocating buffers...  [2.3e-05s]
Initializing temporary storage...  [0.02783s]
Processing query chunk 0, reference chunk 12, shape 0, index chunk 0.
Building reference index...  [3.06446s]
Building query index...  [0.002656s]
Building seed filter...  [0.037233s]
Searching alignments...  [0.624197s]
Deallocating buffers...  [0.001808s]
Opening temporary output file...  [0.000368s]
Computing alignments...  [0.510405s]
Deallocating reference...  [0.012139s]
Loading reference sequences...  [19.5336s]
Building reference histograms...  [1.90129s]
Allocating buffers...  [2.8e-05s]
Initializing temporary storage...  [0.026834s]
Processing query chunk 0, reference chunk 13, shape 0, index chunk 0.
Building reference index...  [2.42117s]
Building query index...  [0.002441s]
Building seed filter...  [0.035647s]
Searching alignments...  [0.542243s]
Deallocating buffers...  [0.002001s]
Opening temporary output file...  [0.000404s]
Computing alignments...  [0.48103s]
Deallocating reference...  [0.012249s]
Loading reference sequences...  [19.6788s]
Building reference histograms...  [2.05235s]
Allocating buffers...  [3.8e-05s]
Initializing temporary storage...  [0.028877s]
Processing query chunk 0, reference chunk 14, shape 0, index chunk 0.
Building reference index...  [2.82594s]
Building query index...  [0.002377s]
Building seed filter...  [0.037211s]
Searching alignments...  [0.602096s]
Deallocating buffers...  [0.00178s]
Opening temporary output file...  [0.000402s]
Computing alignments...  [0.488758s]
Deallocating reference...  [0.013305s]
Loading reference sequences...  [32.7062s]
Building reference histograms...  [2.25357s]
Allocating buffers...  [3.8e-05s]
Initializing temporary storage...  [0.027672s]
Processing query chunk 0, reference chunk 15, shape 0, index chunk 0.
Building reference index...  [2.40861s]
Building query index...  [0.002785s]
Building seed filter...  [0.026202s]
Searching alignments...  [0.578001s]
Deallocating buffers...  [0.001626s]
Opening temporary output file...  [0.0004s]
Computing alignments...  [0.518706s]
Deallocating reference...  [0.017985s]
Loading reference sequences...  [22.5915s]
Building reference histograms...  [1.86875s]
Allocating buffers...  [3.8e-05s]
Initializing temporary storage...  [0.028773s]
Processing query chunk 0, reference chunk 16, shape 0, index chunk 0.
Building reference index...  [2.33308s]
Building query index...  [0.00226s]
Building seed filter...  [0.02436s]
Searching alignments...  [0.569093s]
Deallocating buffers...  [0.002303s]
Opening temporary output file...  [0.00058s]
Computing alignments...  [0.501055s]
Deallocating reference...  [0.012198s]
Loading reference sequences...  [26.7831s]
Building reference histograms...  [1.86762s]
Allocating buffers...  [4.6e-05s]
Initializing temporary storage...  [0.029622s]
Processing query chunk 0, reference chunk 17, shape 0, index chunk 0.
Building reference index...  [2.47354s]
Building query index...  [0.001968s]
Building seed filter...  [0.025247s]
Searching alignments...  [0.561248s]
Deallocating buffers...  [0.001474s]
Opening temporary output file...  [0.00056s]
Computing alignments...  [0.468203s]
Deallocating reference...  [0.016132s]
Loading reference sequences...  [25.6227s]
Building reference histograms...  [1.87422s]
Allocating buffers...  [4.3e-05s]
Initializing temporary storage...  [0.028204s]
Processing query chunk 0, reference chunk 18, shape 0, index chunk 0.
Building reference index...  [2.35s]
Building query index...  [0.002111s]
Building seed filter...  [0.023791s]
Searching alignments...  [0.576264s]
Deallocating buffers...  [0.001431s]
Opening temporary output file...  [0.000589s]
Computing alignments...  [0.419284s]
Deallocating reference...  [0.014158s]
Loading reference sequences...  [36.2898s]
Building reference histograms...  [2.1965s]
Allocating buffers...  [2.5e-05s]
Initializing temporary storage...  [0.026811s]
Processing query chunk 0, reference chunk 19, shape 0, index chunk 0.
Building reference index...  [3.1018s]
Building query index...  [0.002153s]
Building seed filter...  [0.038856s]
Searching alignments...  [0.610293s]
Deallocating buffers...  [0.00172s]
Opening temporary output file...  [0.000565s]
Computing alignments...  [0.412826s]
Deallocating reference...  [0.019585s]
Loading reference sequences...  [4.65423s]
Building reference histograms...  [2.13247s]
Allocating buffers...  [4e-05s]
Initializing temporary storage...  [0.028693s]
Processing query chunk 0, reference chunk 20, shape 0, index chunk 0.
Building reference index...  [2.38215s]
Building query index...  [0.001791s]
Building seed filter...  [0.024034s]
Searching alignments...  [0.553343s]
Deallocating buffers...  [0.001601s]
Opening temporary output file...  [0.000536s]
Computing alignments...  [0.627234s]
Deallocating reference...  [0.011221s]
Loading reference sequences...  [19.0646s]
Building reference histograms...  [1.90766s]
Allocating buffers...  [4.8e-05s]
Initializing temporary storage...  [0.025776s]
Processing query chunk 0, reference chunk 21, shape 0, index chunk 0.
Building reference index...  [2.41528s]
Building query index...  [0.002517s]
Building seed filter...  [0.037315s]
Searching alignments...  [0.671566s]
Deallocating buffers...  [0.001903s]
Opening temporary output file...  [0.000375s]
Computing alignments...  [0.504078s]
Deallocating reference...  [0.012607s]
Loading reference sequences...  [21.5693s]
Building reference histograms...  [1.90885s]
Allocating buffers...  [4e-05s]
Initializing temporary storage...  [0.028282s]
Processing query chunk 0, reference chunk 22, shape 0, index chunk 0.
Building reference index...  [2.39163s]
Building query index...  [0.001973s]
Building seed filter...  [0.036363s]
Searching alignments...  [0.567692s]
Deallocating buffers...  [0.001896s]
Opening temporary output file...  [0.00074s]
Computing alignments...  [0.46254s]
Deallocating reference...  [0.011689s]
Loading reference sequences...  [19.9387s]
Building reference histograms...  [2.00804s]
Allocating buffers...  [4.1e-05s]
Initializing temporary storage...  [0.02975s]
Processing query chunk 0, reference chunk 23, shape 0, index chunk 0.
Building reference index...  [2.72664s]
Building query index...  [0.002943s]
Building seed filter...  [0.036153s]
Searching alignments...  [0.568525s]
Deallocating buffers...  [0.001666s]
Opening temporary output file...  [0.000397s]
Computing alignments...  [0.483397s]
Deallocating reference...  [0.011921s]
Loading reference sequences...  [27.5645s]
Building reference histograms...  [1.88607s]
Allocating buffers...  [4.6e-05s]
Initializing temporary storage...  [0.019407s]
Processing query chunk 0, reference chunk 24, shape 0, index chunk 0.
Building reference index...  [2.37736s]
Building query index...  [0.002082s]
Building seed filter...  [0.036434s]
Searching alignments...  [0.569402s]
Deallocating buffers...  [0.001863s]
Opening temporary output file...  [0.000393s]
Computing alignments...  [0.473666s]
Deallocating reference...  [0.015896s]
Loading reference sequences...  [21.0721s]
Building reference histograms...  [1.88977s]
Allocating buffers...  [3.7e-05s]
Initializing temporary storage...  [0.029629s]
Processing query chunk 0, reference chunk 25, shape 0, index chunk 0.
Building reference index...  [2.7022s]
Building query index...  [0.002315s]
Building seed filter...  [0.035712s]
Searching alignments...  [0.574417s]
Deallocating buffers...  [0.001692s]
Opening temporary output file...  [0.000428s]
Computing alignments...  [0.510726s]
Deallocating reference...  [0.011428s]
Loading reference sequences...  [23.7703s]
Building reference histograms...  [1.8809s]
Allocating buffers...  [4.1e-05s]
Initializing temporary storage...  [0.029754s]
Processing query chunk 0, reference chunk 26, shape 0, index chunk 0.
Building reference index...  [2.56315s]
Building query index...  [0.002815s]
Building seed filter...  [0.036957s]
Searching alignments...  [0.582315s]
Deallocating buffers...  [0.00175s]
Opening temporary output file...  [0.000391s]
Computing alignments...  [0.554582s]
Deallocating reference...  [0.017726s]
Loading reference sequences...  [19.2314s]
Building reference histograms...  [1.90199s]
Allocating buffers...  [2.9e-05s]
Initializing temporary storage...  [0.025359s]
Processing query chunk 0, reference chunk 27, shape 0, index chunk 0.
Building reference index...  [2.43295s]
Building query index...  [0.002067s]
Building seed filter...  [0.036217s]
Searching alignments...  [0.549263s]
Deallocating buffers...  [0.001809s]
Opening temporary output file...  [0.000538s]
Computing alignments...  [0.487121s]
Deallocating reference...  [0.011971s]
Loading reference sequences...  [22.9786s]
Building reference histograms...  [1.90399s]
Allocating buffers...  [4.1e-05s]
Initializing temporary storage...  [0.030169s]
Processing query chunk 0, reference chunk 28, shape 0, index chunk 0.
Building reference index...  [2.38864s]
Building query index...  [0.002141s]
Building seed filter...  [0.036501s]
Searching alignments...  [0.576519s]
Deallocating buffers...  [0.001738s]
Opening temporary output file...  [0.000428s]
Computing alignments...  [0.435764s]
Deallocating reference...  [0.01472s]
Loading reference sequences...  [20.1049s]
Building reference histograms...  [1.98764s]
Allocating buffers...  [2.1e-05s]
Initializing temporary storage...  [0.026024s]
Processing query chunk 0, reference chunk 29, shape 0, index chunk 0.
Building reference index...  [3.17703s]
Building query index...  [0.002096s]
Building seed filter...  [0.038112s]
Searching alignments...  [0.627535s]
Deallocating buffers...  [0.002009s]
Opening temporary output file...  [0.000674s]
Computing alignments...  [0.484405s]
Deallocating reference...  [0.012586s]
Loading reference sequences...  [21.5391s]
Building reference histograms...  [1.92691s]
Allocating buffers...  [4e-05s]
Initializing temporary storage...  [0.031702s]
Processing query chunk 0, reference chunk 30, shape 0, index chunk 0.
Building reference index...  [2.39589s]
Building query index...  [0.002148s]
Building seed filter...  [0.0369s]
Searching alignments...  [0.580601s]
Deallocating buffers...  [0.001852s]
Opening temporary output file...  [0.000575s]
Computing alignments...  [0.444464s]
Deallocating reference...  [0.008501s]
Loading reference sequences...  [21.0171s]
Building reference histograms...  [1.93984s]
Allocating buffers...  [3.8e-05s]
Initializing temporary storage...  [0.027738s]
Processing query chunk 0, reference chunk 31, shape 0, index chunk 0.
Building reference index...  [2.47747s]
Building query index...  [0.002661s]
Building seed filter...  [0.036133s]
Searching alignments...  [0.583432s]
Deallocating buffers...  [0.001712s]
Opening temporary output file...  [0.004487s]
Computing alignments...  [0.532111s]
Deallocating reference...  [0.012229s]
Loading reference sequences...  [26.7135s]
Building reference histograms...  [1.8323s]
Allocating buffers...  [4.4e-05s]
Initializing temporary storage...  [0.019753s]
Processing query chunk 0, reference chunk 32, shape 0, index chunk 0.
Building reference index...  [2.41374s]
Building query index...  [0.002131s]
Building seed filter...  [0.036759s]
Searching alignments...  [0.572204s]
Deallocating buffers...  [0.001985s]
Opening temporary output file...  [0.000625s]
Computing alignments...  [0.500047s]
Deallocating reference...  [0.016356s]
Loading reference sequences...  [20.7768s]
Building reference histograms...  [1.91829s]
Allocating buffers...  [4.9e-05s]
Initializing temporary storage...  [0.028581s]
Processing query chunk 0, reference chunk 33, shape 0, index chunk 0.
Building reference index...  [3.07985s]
Building query index...  [0.002579s]
Building seed filter...  [0.0352s]
Searching alignments...  [0.548223s]
Deallocating buffers...  [0.001791s]
Opening temporary output file...  [0.000551s]
Computing alignments...  [0.478979s]
Deallocating reference...  [0.012294s]
Loading reference sequences...  [23.174s]
Building reference histograms...  [2.01343s]
Allocating buffers...  [3.8e-05s]
Initializing temporary storage...  [0.020455s]
Processing query chunk 0, reference chunk 34, shape 0, index chunk 0.
Building reference index...  [2.37148s]
Building query index...  [0.002478s]
Building seed filter...  [0.028696s]
Searching alignments...  [0.602399s]
Deallocating buffers...  [0.001582s]
Opening temporary output file...  [0.000436s]
Computing alignments...  [0.515846s]
Deallocating reference...  [0.015807s]
Loading reference sequences...  [33.2056s]
Building reference histograms...  [1.89366s]
Allocating buffers...  [2.5e-05s]
Initializing temporary storage...  [0.025392s]
Processing query chunk 0, reference chunk 35, shape 0, index chunk 0.
Building reference index...  [2.90936s]
Building query index...  [0.002837s]
Building seed filter...  [0.026044s]
Searching alignments...  [0.58153s]
Deallocating buffers...  [0.001482s]
Opening temporary output file...  [0.001952s]
Computing alignments...  [0.48896s]
Deallocating reference...  [0.019371s]
Loading reference sequences...  [0.331828s]
Building reference histograms...  [0.080923s]
Allocating buffers...  [3e-05s]
Initializing temporary storage...  [0.028011s]
Processing query chunk 0, reference chunk 36, shape 0, index chunk 0.
Building reference index...  [0.071551s]
Building query index...  [0.00168s]
Building seed filter...  [0.001718s]
Searching alignments...  [0.018104s]
Deallocating buffers...  [4e-06s]
Opening temporary output file...  [0.000999s]
Computing alignments...  [0.116167s]
Deallocating reference...  [0.000721s]
Loading reference sequences...  [3e-05s]
Deallocating buffers...  [0.000321s]
Joining output blocks... Loading reference sequences...  [511.619s]
 [512.985s]
Deallocating queries...  [0.092329s]
Loading query sequences...  [3e-05s]
Closing the input file...  [1.8e-05s]
Closing the output file...  [0.000199s]
Closing the database file...  [4.1e-05s]
Deallocating taxonomy...  [3e-06s]
Total time = 1643.1s
Reported 27195 pairwise alignments, 27195 HSPs.
51 queries aligned.
