diamond v0.9.22.123 | by Benjamin Buchfink <buchfink@gmail.com>
Licensed under the GNU AGPL <https://www.gnu.org/licenses/agpl.txt>
Check http://github.com/bbuchfink/diamond for updates.

#CPU threads: 8
Scoring parameters: (Matrix=BLOSUM62 Lambda=0.267 K=0.041 Penalties=11/1)
Temporary directory: Data/Output/
Opening the database...  [0.023546s]
#Target sequences to report alignments for: 1000
Opening the input file...  [0.009764s]
Opening the output file...  [0.000366s]
Loading query sequences...  [0.001023s]
Masking queries...  [0.01204s]
Building query seed set...  [0.002551s]
Algorithm: Double-indexed
Building query histograms...  [0.001179s]
Allocating buffers...  [3.2e-05s]
Loading reference sequences...  [24.1762s]
Building reference histograms...  [1.03849s]
Allocating buffers...  [3.7e-05s]
Initializing temporary storage...  [0.024035s]
Processing query chunk 0, reference chunk 0, shape 0, index chunk 0.
Building reference index...  [1.37115s]
Building query index...  [0.001137s]
Building seed filter...  [0.075728s]
Searching alignments...  [0.041211s]
Processing query chunk 0, reference chunk 0, shape 0, index chunk 1.
Building reference index...  [1.43023s]
Building query index...  [0.00159s]
Building seed filter...  [0.07546s]
Searching alignments...  [0.046274s]
Processing query chunk 0, reference chunk 0, shape 0, index chunk 2.
Building reference index...  [1.53916s]
Building query index...  [0.001452s]
Building seed filter...  [0.07499s]
Searching alignments...  [0.038353s]
Processing query chunk 0, reference chunk 0, shape 0, index chunk 3.
Building reference index...  [1.45613s]
Building query index...  [0.001061s]
Building seed filter...  [0.074264s]
Searching alignments...  [0.03782s]
Processing query chunk 0, reference chunk 0, shape 1, index chunk 0.
Building reference index...  [1.19859s]
Building query index...  [0.001067s]
Building seed filter...  [0.069617s]
Searching alignments...  [0.038045s]
Processing query chunk 0, reference chunk 0, shape 1, index chunk 1.
Building reference index...  [1.28394s]
Building query index...  [0.001258s]
Building seed filter...  [0.075205s]
Searching alignments...  [0.041956s]
Processing query chunk 0, reference chunk 0, shape 1, index chunk 2.
Building reference index...  [1.54417s]
Building query index...  [0.001343s]
Building seed filter...  [0.075294s]
Searching alignments...  [0.045304s]
Processing query chunk 0, reference chunk 0, shape 1, index chunk 3.
Building reference index...  [1.3583s]
Building query index...  [0.000976s]
Building seed filter...  [0.069831s]
Searching alignments...  [0.042343s]
Deallocating buffers...  [0.001165s]
Computing alignments...  [0.131186s]
Deallocating reference...  [0.001876s]
Loading reference sequences...  [0.001005s]
Deallocating buffers...  [4e-05s]
Deallocating queries...  [4.5e-05s]
Loading query sequences...  [2.5e-05s]
Closing the input file...  [2.6e-05s]
Closing the output file...  [0.000169s]
Closing the database file...  [4.3e-05s]
Deallocating taxonomy...  [6e-06s]
Total time = 37.5406s
Reported 3348 pairwise alignments, 3348 HSPs.
19 queries aligned.
