
cross_match Data/Output/AssembleOK//BifidoAdolescentis.s6/scaffolds.fasta Data/Input/Assemble/pCC1FOS.fasta -minmatch 9 -minscore 30 -screen 
cross_match version 1.090518
Reading parameters ... 1.008 Mbytes allocated -- total 1.008 Mbytes
Run date:time  191129:172835
 Done
Total space allocated: 1.008 Mbytes; currently free: 0.969 Mbytes in 2 blocks
Reading query file into memory ... Done
Total space allocated: 1.008 Mbytes; currently free: 0.308 Mbytes in 2 blocks
Complementing ... Done
Total space allocated: 1.008 Mbytes; currently free: 0.308 Mbytes in 2 blocks
Allocating align_entries ... Done
Total space allocated: 1.008 Mbytes; currently free: 0.257 Mbytes in 2 blocks
Reading quality files ...

NO QUALITY FILE Data/Output/AssembleOK//BifidoAdolescentis.s6/scaffolds.fasta.qual WAS FOUND. REMAINING INPUT QUALITIES SET TO 15. Done
Total space allocated: 1.008 Mbytes; currently free: 0.257 Mbytes in 2 blocks
Indexing words ...2.016 Mbytes allocated -- total 3.024 Mbytes
 Done
Total space allocated: 3.024 Mbytes; currently free: 1.011 Mbytes in 3 blocks
Sorting words ... Done
Total space allocated: 3.024 Mbytes; currently free: 1.011 Mbytes in 3 blocks
Finding word boundaries ... Done
Total space allocated: 3.024 Mbytes; currently free: 0.961 Mbytes in 3 blocks
Finding subject matches ...seq_buffer expanded
 Allocating alignment string: 10 0 1.008 Mbytes allocated -- total 4.032 Mbytes
1.008 Mbytes allocated -- total 5.040 Mbytes
 Allocating alignment string: 1020 1020  Allocating alignment string: 3040 3040  Allocating alignment string: 7080 7080  Done
Total space allocated: 5.040 Mbytes; currently free: 0.810 Mbytes in 7 blocks
Freeing word arrays ... Done
Total space allocated: 5.040 Mbytes; currently free: 2.109 Mbytes in 8 blocks
Quickalign: 18 successes, 0 failures
57 SWAT alignments performed. 10 pairs have score >= 30
Making reversed pairs ... Done
Total space allocated: 5.040 Mbytes; currently free: 2.109 Mbytes in 8 blocks
Printing matches ... Sorting pairs ... DoneSorting pairs ... Done Done
Total space allocated: 5.040 Mbytes; currently free: 1.656 Mbytes in 8 blocks
Checking pairs ... Done
Total space allocated: 5.040 Mbytes; currently free: 1.656 Mbytes in 9 blocks
Total space allocated: 5.040 Mbytes; currently free: 1.656 Mbytes in 9 blocks
Total # pairs: 10000, size: 0.720 Mbytes; edges12: 0; # score_hists: 0, size: 0.000 Mbytes; # query_domains: 10000, size: 0.880 Mbytes; # query_datas: 10000, size: 0.240 Mbytes
Total # segment blocks: 0, size: 0.000 Mbytes
Total # diffs: 328, in 10 lists, size: 0.000 Mbytes

